Wed Nov 11 11:39:31 2015
220 smtp.qq.com ESMTP Postfix (Ubuntu)

Wed Nov 11 11:39:31 2015
250 smtp.qq.com
SMTP Postfix (Ubuntu)

Wed Nov 11 11:48:27 2015
220 smtp.qq.com ESMTP Postfix (Ubuntu)

Wed Nov 11 11:48:27 2015
250 smtp.qq.com
SMTP Postfix (Ubuntu)

Wed Nov 11 11:48:37 2015
send error

Wed Nov 11 11:48:37 2015
221 2.7.0 Error: I can break rules, too. Goodbye.

Wed Nov 11 11:48:37 2015
send error

Wed Nov 11 11:48:37 2015
221 2.7.0 Error: I can break rules, too. Goodbye.

Wed Nov 11 11:48:37 2015
send error

Wed Nov 11 11:48:37 2015
221 2.7.0 Error: I can break rules, too. Goodbye.

Wed Nov 11 11:48:37 2015
send error

Wed Nov 11 11:48:37 2015
221 2.7.0 Error: I can break rules, too. Goodbye.

Wed Nov 11 11:48:37 2015
send error

Wed Nov 11 11:48:37 2015
send error

Wed Nov 11 11:48:37 2015
send error

Wed Nov 11 11:48:37 2015
send error

Wed Nov 11 11:48:37 2015
send error

Wed Nov 11 11:50:14 2015
send error

Wed Nov 11 11:50:14 2015
221 2.7.0 Error: I can break rules, too. Goodbye.

Wed Nov 11 11:50:14 2015
send error

Wed Nov 11 11:50:14 2015
221 2.7.0 Error: I can break rules, too. Goodbye.

Wed Nov 11 11:50:14 2015
send error

Wed Nov 11 11:50:14 2015
221 2.7.0 Error: I can break rules, too. Goodbye.

Wed Nov 11 11:50:14 2015
send error

Wed Nov 11 11:50:14 2015
221 2.7.0 Error: I can break rules, too. Goodbye.

Wed Nov 11 11:50:14 2015
send error

Wed Nov 11 11:50:14 2015
send error

Wed Nov 11 11:50:14 2015
send error

Wed Nov 11 11:50:14 2015
send error

Wed Nov 11 11:50:14 2015
send error

Wed Nov 11 14:28:56 2015
220 smtp.qq.com ESMTP Postfix (Ubuntu)

Wed Nov 11 14:28:56 2015
250 smtp.qq.com
SMTP Postfix (Ubuntu)

Wed Nov 11 14:35:22 2015
221 2.0.0 Bye
ueued as 502D5120069
)

Wed Nov 11 14:35:22 2015
send error

Wed Nov 11 14:35:22 2015
221 2.0.0 Bye
ueued as 502D5120069
)

Wed Nov 11 14:35:22 2015
send error

Wed Nov 11 14:35:22 2015
221 2.0.0 Bye
ueued as 502D5120069
)

Wed Nov 11 14:35:22 2015
send error

Wed Nov 11 14:35:22 2015
221 2.0.0 Bye
ueued as 502D5120069
)

Wed Nov 11 14:35:22 2015
send error

Wed Nov 11 14:35:22 2015
send error

Wed Nov 11 14:35:22 2015
send error

Wed Nov 11 14:35:22 2015
send error

Wed Nov 11 14:35:22 2015
send error

Wed Nov 11 14:47:58 2015
220 smtp.qq.com ESMTP Postfix (Ubuntu)

Wed Nov 11 14:47:58 2015
250 smtp.qq.com
SMTP Postfix (Ubuntu)

Wed Nov 11 14:48:07 2015
send error

Wed Nov 11 14:48:07 2015
221 2.7.0 Error: I can break rules, too. Goodbye.

Wed Nov 11 14:48:07 2015
send error

Wed Nov 11 14:48:07 2015
221 2.7.0 Error: I can break rules, too. Goodbye.

Wed Nov 11 14:48:07 2015
send error

Wed Nov 11 14:48:07 2015
221 2.7.0 Error: I can break rules, too. Goodbye.

Wed Nov 11 14:48:07 2015
send error

Wed Nov 11 14:48:07 2015
221 2.7.0 Error: I can break rules, too. Goodbye.

Wed Nov 11 14:48:07 2015
send error

Wed Nov 11 14:48:07 2015
send error

Wed Nov 11 14:48:07 2015
send error

Wed Nov 11 14:48:07 2015
send error

Wed Nov 11 14:48:07 2015
send error

Wed Nov 11 14:49:19 2015
send error

Wed Nov 11 14:49:19 2015
221 2.7.0 Error: I can break rules, too. Goodbye.

Wed Nov 11 14:49:19 2015
send error

Wed Nov 11 14:49:19 2015
221 2.7.0 Error: I can break rules, too. Goodbye.

Wed Nov 11 14:49:19 2015
send error

Wed Nov 11 14:49:19 2015
221 2.7.0 Error: I can break rules, too. Goodbye.

Wed Nov 11 14:49:19 2015
send error

Wed Nov 11 14:49:19 2015
221 2.7.0 Error: I can break rules, too. Goodbye.

Wed Nov 11 14:49:19 2015
send error

Wed Nov 11 14:49:19 2015
send error

Wed Nov 11 14:49:19 2015
send error

Wed Nov 11 14:49:19 2015
send error

Wed Nov 11 14:49:19 2015
send error

Wed Nov 11 14:51:46 2015
220 smtp.qq.com ESMTP Postfix (Ubuntu)

Wed Nov 11 14:51:46 2015
250 smtp.qq.com
SMTP Postfix (Ubuntu)

Wed Nov 11 15:07:45 2015
220 smtp.qq.com ESMTP Postfix (Ubuntu)

Wed Nov 11 15:07:45 2015
250 smtp.qq.com
SMTP Postfix (Ubuntu)

Wed Nov 11 15:17:28 2015
220 smtp.qq.com ESMTP Postfix (Ubuntu)

Wed Nov 11 15:17:28 2015
250 smtp.qq.com
SMTP Postfix (Ubuntu)

Wed Nov 11 15:17:53 2015
send error

Wed Nov 11 15:17:53 2015
221 2.7.0 Error: I can break rules, too. Goodbye.

Wed Nov 11 15:17:53 2015
send error

Wed Nov 11 15:17:53 2015
221 2.7.0 Error: I can break rules, too. Goodbye.

Wed Nov 11 15:17:53 2015
send error

Wed Nov 11 15:17:53 2015
221 2.7.0 Error: I can break rules, too. Goodbye.

Wed Nov 11 15:17:53 2015
send error

Wed Nov 11 15:17:53 2015
221 2.7.0 Error: I can break rules, too. Goodbye.

Wed Nov 11 15:17:53 2015
send error

Wed Nov 11 15:17:53 2015
send error

Wed Nov 11 15:17:53 2015
send error

Wed Nov 11 15:17:53 2015
send error

Wed Nov 11 15:17:53 2015
send error

Wed Nov 11 15:18:41 2015
send error

Wed Nov 11 15:18:41 2015
221 2.7.0 Error: I can break rules, too. Goodbye.

Wed Nov 11 15:18:41 2015
send error

Wed Nov 11 15:18:41 2015
221 2.7.0 Error: I can break rules, too. Goodbye.

Wed Nov 11 15:18:41 2015
send error

Wed Nov 11 15:18:41 2015
221 2.7.0 Error: I can break rules, too. Goodbye.

Wed Nov 11 15:18:41 2015
send error

Wed Nov 11 15:18:41 2015
221 2.7.0 Error: I can break rules, too. Goodbye.

Wed Nov 11 15:18:41 2015
send error

Wed Nov 11 15:18:41 2015
send error

Wed Nov 11 15:18:41 2015
send error

Wed Nov 11 15:18:41 2015
send error

Wed Nov 11 15:18:41 2015
send error

Wed Nov 11 15:20:01 2015
send error

Wed Nov 11 15:20:01 2015
221 2.7.0 Error: I can break rules, too. Goodbye.

Wed Nov 11 15:20:01 2015
send error

Wed Nov 11 15:20:01 2015
221 2.7.0 Error: I can break rules, too. Goodbye.

Wed Nov 11 15:20:01 2015
send error

Wed Nov 11 15:20:01 2015
221 2.7.0 Error: I can break rules, too. Goodbye.

Wed Nov 11 15:20:01 2015
send error

Wed Nov 11 15:20:01 2015
221 2.7.0 Error: I can break rules, too. Goodbye.

Wed Nov 11 15:20:01 2015
send error

Wed Nov 11 15:20:01 2015
send error

Wed Nov 11 15:20:01 2015
send error

Wed Nov 11 15:20:01 2015
send error

Wed Nov 11 15:20:01 2015
send error

Wed Nov 11 15:39:22 2015
220 smtp.qq.com ESMTP Postfix (Ubuntu)

Wed Nov 11 15:39:22 2015
250 smtp.qq.com
SMTP Postfix (Ubuntu)

Wed Nov 11 15:47:49 2015
220 smtp.qq.com ESMTP Postfix (Ubuntu)

Wed Nov 11 15:47:49 2015
250 smtp.qq.com
SMTP Postfix (Ubuntu)

Wed Nov 11 15:47:52 2015
send error

Wed Nov 11 15:47:52 2015
221 2.7.0 Error: I can break rules, too. Goodbye.
d

Wed Nov 11 15:47:52 2015
send error

Wed Nov 11 15:47:52 2015
221 2.7.0 Error: I can break rules, too. Goodbye.
d

Wed Nov 11 15:47:52 2015
send error

Wed Nov 11 15:47:52 2015
221 2.7.0 Error: I can break rules, too. Goodbye.
d

Wed Nov 11 15:47:52 2015
send error

Wed Nov 11 15:47:52 2015
221 2.7.0 Error: I can break rules, too. Goodbye.
d

Wed Nov 11 15:47:52 2015
send error

Wed Nov 11 15:47:52 2015
send error

Wed Nov 11 15:47:52 2015
send error

Wed Nov 11 15:47:52 2015
send error

Wed Nov 11 15:47:52 2015
send error

Wed Nov 11 15:53:51 2015
220 smtp.qq.com ESMTP Postfix (Ubuntu)

Wed Nov 11 15:55:35 2015
220 smtp.qq.com ESMTP Postfix (Ubuntu)

Wed Nov 11 15:57:25 2015
220 smtp.qq.com ESMTP Postfix (Ubuntu)

Wed Nov 11 15:59:21 2015
220 smtp.qq.com ESMTP Postfix (Ubuntu)

Wed Nov 11 15:59:27 2015
250 smtp.qq.com
SMTP Postfix (Ubuntu)

Wed Nov 11 15:59:29 2015
334 VXNlcm5hbWU6
MTP Postfix (Ubuntu)

Wed Nov 11 15:59:30 2015
535 5.7.8 Error: authentication failed: bad protocol / cancel

Wed Nov 11 15:59:30 2015
250 smtp.qq.com
authentication failed: bad protocol / cancel

Wed Nov 11 15:59:31 2015
334 VXNlcm5hbWU6
uthentication failed: bad protocol / cancel

Wed Nov 11 15:59:31 2015
535 5.7.8 Error: authentication failed: bad protocol / cancel

Wed Nov 11 16:11:27 2015
HELOcommand error: 220 smtp.qq.com ESMTP Postfix (Ubuntu)

Wed Nov 11 16:13:31 2015
enter passwordcommand error: 235 2.7.0 Authentication successful
)

Wed Nov 11 16:13:45 2015
auth logincommand error: 503 5.5.1 Error: already authenticated

Wed Nov 11 16:18:17 2015
HELOcommand error: 220 smtp.qq.com ESMTP Postfix (Ubuntu)

Wed Nov 11 16:19:51 2015
HELOcommand error: 220 smtp.qq.com ESMTP Postfix (Ubuntu)

Wed Nov 11 16:20:26 2015
HELOcommand error: 220 smtp.qq.com ESMTP Postfix (Ubuntu)

Wed Nov 11 16:24:12 2015
HELOcommand error: 220 smtp.qq.com ESMTP Postfix (Ubuntu)

Wed Nov 11 16:39:22 2015
HELOcommand error: 220 smtp.qq.com ESMTP Postfix (Ubuntu)

Wed Nov 11 16:39:26 2015
auth logincommand error: 250 smtp.qq.com
SMTP Postfix (Ubuntu)

Wed Nov 11 16:49:39 2015
HELO command error: 220 smtp.qq.com ESMTP Postfix (Ubuntu)

Wed Nov 11 16:52:11 2015
start command error: 220 smtp.qq.com ESMTP Postfix (Ubuntu)

Wed Nov 11 16:52:11 2015
enter password command error: 235 2.7.0 Authentication successful
)

Wed Nov 11 17:14:24 2015
RCPR TO:  command error: 502 5.5.2 Error: command not recognized
 10240000
250-VRFY
250-ETRN
250-STARTTLS
250-AUTH PLAIN LOGIN
250-AUTH=PLAIN LOGIN
250-ENHANCEDSTATUSCODES
250-8BITMIME
250 DSN

Wed Nov 11 17:15:20 2015
RCPT TO:  command error: 554 5.7.1 <18826419224@163.com>: Relay access denied
0-VRFY
250-ETRN
250-STARTTLS
250-AUTH PLAIN LOGIN
250-AUTH=PLAIN LOGIN
250-ENHANCEDSTATUSCODES
250-8BITMIME
250 DSN

Wed Nov 11 17:20:26 2015
RCPT TO:  command error: 554 5.7.1 <453589103@qq.com>: Relay access denied

250-VRFY
250-ETRN
250-STARTTLS
250-AUTH PLAIN LOGIN
250-AUTH=PLAIN LOGIN
250-ENHANCEDSTATUSCODES
250-8BITMIME
250 DSN

Wed Nov 11 17:43:27 2015
RCPT TO:  command error: 501 5.1.3 Bad recipient address syntax
E 10240000
250-VRFY
250-ETRN
250-STARTTLS
250-AUTH PLAIN LOGIN
250-AUTH=PLAIN LOGIN
250-ENHANCEDSTATUSCODES
250-8BITMIME
250 DSN

Wed Nov 11 17:45:35 2015
EHLO command error: 220 smtp.qq.com ESMTP Postfix (Ubuntu)

Wed Nov 11 17:51:22 2015
RCPT TO:  command error: 554 5.7.1 <18826419224@163.com>: Relay access denied
0-VRFY
250-ETRN
250-STARTTLS
250-AUTH PLAIN LOGIN
250-AUTH=PLAIN LOGIN
250-ENHANCEDSTATUSCODES
250-8BITMIME
250 DSN

Wed Nov 11 17:56:02 2015
auth login command error: 503 5.5.1 Error: already authenticated
E 10240000
250-VRFY
250-ETRN
250-STARTTLS
250-AUTH PLAIN LOGIN
250-AUTH=PLAIN LOGIN
250-ENHANCEDSTATUSCODES
250-8BITMIME
250 DSN

Wed Nov 11 17:56:33 2015
auth login command error: 503 5.5.1 Error: already authenticated
E 10240000
250-VRFY
250-ETRN
250-STARTTLS
250-AUTH PLAIN LOGIN
250-AUTH=PLAIN LOGIN
250-ENHANCEDSTATUSCODES
250-8BITMIME
250 DSN

Wed Nov 11 17:56:51 2015
auth login command error: 503 5.5.1 Error: already authenticated
E 10240000
250-VRFY
250-ETRN
250-STARTTLS
250-AUTH PLAIN LOGIN
250-AUTH=PLAIN LOGIN
250-ENHANCEDSTATUSCODES
250-8BITMIME
250 DSN

Wed Nov 11 18:05:27 2015
DATA:  command error: 354 End data with <CR><LF>.<CR><LF>
SIZE 10240000
250-VRFY
250-ETRN
250-STARTTLS
250-AUTH PLAIN LOGIN
250-AUTH=PLAIN LOGIN
250-ENHANCEDSTATUSCODES
250-8BITMIME
250 DSN

Wed Nov 11 18:57:05 2015
RCPT TO:  command error: 501 5.1.3 Bad recipient address syntax
E 10240000
250-VRFY
250-ETRN
250-STARTTLS
250-AUTH PLAIN LOGIN
250-AUTH=PLAIN LOGIN
250-ENHANCEDSTATUSCODES
250-8BITMIME
250 DSN

Wed Nov 11 18:57:12 2015
auth login command error: 503 5.5.1 Error: already authenticated
E 10240000
250-VRFY
250-ETRN
250-STARTTLS
250-AUTH PLAIN LOGIN
250-AUTH=PLAIN LOGIN
250-ENHANCEDSTATUSCODES
250-8BITMIME
250 DSN

Wed Nov 11 18:57:35 2015
auth login command error: 503 5.5.1 Error: already authenticated
E 10240000
250-VRFY
250-ETRN
250-STARTTLS
250-AUTH PLAIN LOGIN
250-AUTH=PLAIN LOGIN
250-ENHANCEDSTATUSCODES
250-8BITMIME
250 DSN

Wed Nov 11 19:04:47 2015
EHLO command error: 220 smtp.qq.com ESMTP Postfix (Ubuntu)

Wed Nov 11 19:08:04 2015
EHLO command error: 220 smtp.qq.com ESMTP Postfix (Ubuntu)

Wed Nov 11 19:10:33 2015
EHLO command error: 220 smtp.qq.com ESMTP Postfix (Ubuntu)

Wed Nov 11 19:10:39 2015
auth login command error: 250-smtp.qq.com
250-PIPELINING
250-SIZE 10240000
250-VRFY
250-ETRN
250-STARTTLS
250-AUTH PLAIN LOGIN
250-AUTH=PLAIN LOGIN
250-ENHANCEDSTATUSCODES
250-8BITMIME
250 DSN

Wed Nov 11 19:14:58 2015
MAIL FROM:  command error: 221 2.0.0 Bye
ueued as A77AA120069
SIZE 10240000
250-VRFY
250-ETRN
250-STARTTLS
250-AUTH PLAIN LOGIN
250-AUTH=PLAIN LOGIN
250-ENHANCEDSTATUSCODES
250-8BITMIME
250 DSN

Wed Nov 11 19:18:05 2015
RCPT TO:  command error: 501 5.1.3 Bad recipient address syntax
SIZE 10240000
250-VRFY
250-ETRN
250-STARTTLS
250-AUTH PLAIN LOGIN
250-AUTH=PLAIN LOGIN
250-ENHANCEDSTATUSCODES
250-8BITMIME
250 DSN

Wed Nov 11 19:18:10 2015
MAIL FROM:  command error: 503 5.5.1 Error: nested MAIL command

SIZE 10240000
250-VRFY
250-ETRN
250-STARTTLS
250-AUTH PLAIN LOGIN
250-AUTH=PLAIN LOGIN
250-ENHANCEDSTATUSCODES
250-8BITMIME
250 DSN

Wed Nov 11 19:24:10 2015
MAIL FROM:  command error: 221 2.0.0 Bye
ueued as A816E120069
SIZE 10240000
250-VRFY
250-ETRN
250-STARTTLS
250-AUTH PLAIN LOGIN
250-AUTH=PLAIN LOGIN
250-ENHANCEDSTATUSCODES
250-8BITMIME
250 DSN

Wed Nov 11 19:34:34 2015
MAIL FROM:  command error: 221 2.0.0 Bye
ueued as C3D00120083
SIZE 10240000
250-VRFY
250-ETRN
250-STARTTLS
250-AUTH PLAIN LOGIN
250-AUTH=PLAIN LOGIN
250-ENHANCEDSTATUSCODES
250-8BITMIME
250 DSN

Wed Nov 11 19:34:48 2015
RCPT TO:  command error: 501 5.1.3 Bad recipient address syntax
E 10240000
250-VRFY
250-ETRN
250-STARTTLS
250-AUTH PLAIN LOGIN
250-AUTH=PLAIN LOGIN
250-ENHANCEDSTATUSCODES
250-8BITMIME
250 DSN

Wed Nov 11 19:34:50 2015
MAIL FROM:  command error: 503 5.5.1 Error: nested MAIL command

E 10240000
250-VRFY
250-ETRN
250-STARTTLS
250-AUTH PLAIN LOGIN
250-AUTH=PLAIN LOGIN
250-ENHANCEDSTATUSCODES
250-8BITMIME
250 DSN

Wed Nov 11 19:35:36 2015
MAIL FROM:  command error: 503 5.5.1 Error: nested MAIL command

E 10240000
250-VRFY
250-ETRN
250-STARTTLS
250-AUTH PLAIN LOGIN
250-AUTH=PLAIN LOGIN
250-ENHANCEDSTATUSCODES
250-8BITMIME
250 DSN

Wed Nov 11 20:25:51 2015
EHLO command error: 220 cacw.qq.com ESMTP Postfix (Ubuntu)
421 4.4.2 cacw.qq.com Error: timeout exceeded

Wed Nov 11 20:25:54 2015
send error

Wed Nov 11 20:25:54 2015
EHLO command error: 220 cacw.qq.com ESMTP Postfix (Ubuntu)
421 4.4.2 cacw.qq.com Error: timeout exceeded

Wed Nov 11 21:24:59 2015
EHLO command error: 221 2.0.0 Bye
ueued as B53DA120069
SIZE 10240000
250-VRFY
250-ETRN
250-STARTTLS
250-AUTH PLAIN LOGIN
250-AUTH=PLAIN LOGIN
250-ENHANCEDSTATUSCODES
250-8BITMIME
250 DSN

Wed Nov 11 22:02:52 2015
send error

Wed Nov 11 22:02:52 2015
EHLO command error: 221 2.0.0 Bye
ueued as B53DA120069
SIZE 10240000
250-VRFY
250-ETRN
250-STARTTLS
250-AUTH PLAIN LOGIN
250-AUTH=PLAIN LOGIN
250-ENHANCEDSTATUSCODES
250-8BITMIME
250 DSN

Wed Nov 11 22:04:47 2015
EHLO command error: 221 2.0.0 Bye
ueued as B6521120069
SIZE 10240000
250-VRFY
250-ETRN
250-STARTTLS
250-AUTH PLAIN LOGIN
250-AUTH=PLAIN LOGIN
250-ENHANCEDSTATUSCODES
250-8BITMIME
250 DSN

Wed Nov 11 22:58:53 2015
EHLO command error: 221 2.0.0 Bye
ueued as ED7D4120069
SIZE 10240000
250-VRFY
250-ETRN
250-STARTTLS
250-AUTH PLAIN LOGIN
250-AUTH=PLAIN LOGIN
250-ENHANCEDSTATUSCODES
250-8BITMIME
250 DSN

Wed Nov 11 23:09:36 2015
EHLO command error: 221 2.0.0 Bye
ueued as D2708120069
SIZE 10240000
250-VRFY
250-ETRN
250-STARTTLS
250-AUTH PLAIN LOGIN
250-AUTH=PLAIN LOGIN
250-ENHANCEDSTATUSCODES
250-8BITMIME
250 DSN

